<?xml version="1.0" encoding="UTF-8"?>
<testng-results ignored="0" total="1" passed="1" failed="0" skipped="0">
  <reporter-output>
  </reporter-output>
  <suite started-at="2023-06-28T10:19:34 IST" name="Default suite" finished-at="2023-06-28T10:20:40 IST" duration-ms="65841">
    <groups>
    </groups>
    <test started-at="2023-06-28T10:19:34 IST" name="Default test" finished-at="2023-06-28T10:20:40 IST" duration-ms="65841">
      <class name="Runner_Demo.Form">
        <test-method is-config="true" signature="luanch_DemoApp()[pri:0, instance:Runner_Demo.Form@49912c99]" started-at="2023-06-28T10:19:35 IST" name="luanch_DemoApp" finished-at="2023-06-28T10:20:24 IST" duration-ms="49905" status="PASS">
          <reporter-output>
          </reporter-output>
        </test-method> <!-- luanch_DemoApp -->
        <test-method signature="run()[pri:0, instance:Runner_Demo.Form@49912c99]" started-at="2023-06-28T10:20:24 IST" name="run" finished-at="2023-06-28T10:20:35 IST" duration-ms="10703" status="PASS">
          <reporter-output>
          </reporter-output>
        </test-method> <!-- run -->
        <test-method is-config="true" signature="close_app()[pri:0, instance:Runner_Demo.Form@49912c99]" started-at="2023-06-28T10:20:35 IST" name="close_app" finished-at="2023-06-28T10:20:40 IST" duration-ms="5092" status="PASS">
          <reporter-output>
          </reporter-output>
        </test-method> <!-- close_app -->
      </class> <!-- Runner_Demo.Form -->
    </test> <!-- Default test -->
  </suite> <!-- Default suite -->
</testng-results>
